Arguments: 
  C:\Program Files\nodejs\node.exe C:\Users\samjb\AppData\Roaming\npm\node_modules\yarn\bin\yarn.js

PATH: 
  C:\Users\samjb\AppData\Local\Programs\Python\Python37\Scripts\;C:\Users\samjb\AppData\Local\Programs\Python\Python37\;C:\Program Files\ImageMagick-7.0.8-Q16;C:\Program Files (x86)\Common Files\Oracle\Java\javapath;C:\Program Files (x86)\Intel\Intel(R) Management Engine Components\iCLS\;C:\Program Files\Intel\Intel(R) Management Engine Components\iCLS\;C:\Windows\system32;C:\Windows;C:\Windows\System32\Wbem;C:\Windows\System32\WindowsPowerShell\v1.0\;C:\Program Files (x86)\Intel\Intel(R) Management Engine Components\DAL;C:\Program Files\Intel\Intel(R) Management Engine Components\DAL;C:\Program Files (x86)\Intel\Intel(R) Management Engine Components\IPT;C:\Program Files\Intel\Intel(R) Management Engine Components\IPT;C:\Program Files (x86)\NVIDIA Corporation\PhysX\Common;C:\Program Files\Git\cmd;C:\Program Files\Intel\WiFi\bin\;C:\Program Files\Common Files\Intel\WirelessCommon\;C:\Program Files\PuTTY\;C:\WINDOWS\System32\OpenSSH\;C:\WINDOWS\system32;C:\WINDOWS;C:\WINDOWS\System32\Wbem;C:\WINDOWS\System32\WindowsPowerShell\v1.0\;C:\Program Files\erl10.1\bin;C:\Program Files (x86)\Elixir\bin;C:\Users\samjb\.mix\escripts;C:\Program Files\Amazon\AWSCLI\bin\;C:\Go\bin;C:\Program Files\dotnet\;%NVM_HOME%;%NVM_SYMLINK%;C:\Users\samjb\.cargo\bin;C:\Users\samjb\scoop\shims;C:\Users\samjb\AppData\Local\Microsoft\WindowsApps;C:\Users\samjb\AppData\Local\Programs\Microsoft VS Code\bin;C:\Users\samjb\AppData\Roaming\npm;C:\Program Files\Git\bin\git.exe;C:\Program Files\Git\cmd;C:\Users\samjb\AppData\Local\GitHubDesktop\bin;C:\Program Files\CMake\bin;C:\Program Files\Git\bin;C:\Users\samjb\AppData\Local\Microsoft\WindowsApps;C:\apache-maven-3.6.0\bin;C:\Users\samjb\.ebcli-virtual-env\executables;C:\Users\samjb\go\bin;C:\Users\samjb\.dotnet\tools;C:\Program Files (x86)\FAHClient;C:\Users\samjb\AppData\Roaming\nvm;C:\Program Files\nodejs;C:\Users\samjb\AppData\Local\Keybase\

Yarn version: 
  1.22.4

Node version: 
  12.0.0

Platform: 
  win32 x64

Trace: 
  Error: UNKNOWN: unknown error, copyfile 'C:\Users\samjb\AppData\Local\Yarn\Cache\v6\npm-sweetalert2-9.17.2-7f33ce157a64c303d2ca98863c9a3f437e5f1187-integrity\node_modules\sweetalert2\README.md' -> 'D:\GitHub\xeo\admin\node_modules\sweetalert2\README.md'

npm manifest: 
  {
    "name": "admin",
    "version": "1.0.0",
    "private": true,
    "scripts": {
      "dev": "webpack-dev-server --mode development --port 8080 --host 0.0.0.0",
      "build": "cross-env NODE_ENV=production webpack --mode production",
      "lint": "eslint --cache --fix --ext .ts,.tsx src"
    },
    "devDependencies": {
      "@types/classnames": "^2.2.10",
      "@types/file-saver": "^2.0.1",
      "@types/mithril": "^2.0.2",
      "@types/pubnub": "^4.27.2",
      "@types/semver": "^7.3.1",
      "@typescript-eslint/eslint-plugin": "^2.28.0",
      "@typescript-eslint/parser": "^2.28.0",
      "autoprefixer": "^9.7.6",
      "clean-webpack-plugin": "^3.0.0",
      "copy-webpack-plugin": "^5.1.1",
      "cross-env": "^7.0.2",
      "css-loader": "^3.5.2",
      "eslint": "^6.8.0",
      "eslint-config-prettier": "^6.10.1",
      "eslint-plugin-prettier": "^3.1.3",
      "eslint-plugin-react": "^7.19.0",
      "file-loader": "^6.0.0",
      "html-webpack-plugin": "^4.2.0",
      "mini-css-extract-plugin": "^0.9.0",
      "node-sass": "^4.13.1",
      "optimize-css-assets-webpack-plugin": "^5.0.3",
      "postcss-loader": "^3.0.0",
      "prettier": "^2.0.4",
      "sass-loader": "^8.0.2",
      "style-loader": "^1.1.4",
      "ts-loader": "^7.0.0",
      "typescript": "^3.9.2",
      "webpack": "^4.42.1",
      "webpack-cli": "^3.3.11",
      "webpack-dev-server": "^3.10.3",
      "worker-plugin": "^4.0.2"
    },
    "dependencies": {
      "@gamechangerinteractive/xc-backend": "1.0.114",
      "@jaames/iro": "^5.1.8",
      "@shopify/draggable": "^1.0.0-beta.8",
      "@vimeo/player": "^2.12.0",
      "ajv": "^6.12.3",
      "basiccontext": "^3.5.1",
      "classnames": "^2.2.6",
      "comlink": "^4.2.0",
      "countup.js": "^2.0.5",
      "file-saver": "^2.0.2",
      "imask": "^6.0.3",
      "mithril": "^2.0.4",
      "nouislider": "^14.2.0",
      "nprogress": "^0.2.0",
      "rxjs": "^6.5.5",
      "semver": "^7.3.2",
      "sweetalert2": "^9.10.12",
      "tippy.js": "^6.2.3",
      "vis-timeline": "^7.3.6"
    }
  }

yarn manifest: 
  No manifest

Lockfile: 
  No lockfile
